********************************************************************************
DUPLICATOR-LITE PACKAGE-LOG: January 10, 2018 8:22 am
NOTICE: Do NOT post to public sites or forums 
********************************************************************************
VERSION:	1.2.30
WORDPRESS:	4.9.1
PHP INFO:	7.1.8 | SAPI: apache2handler
SERVER:		Apache/2.4.27 (Win32) OpenSSL/1.0.2l PHP/7.1.8 
PHP TIME LIMIT: (0) no time limit imposed 
PHP MAX MEMORY: 2048M (128M default) 
MEMORY STACK: 12MB 

********************************************************************************
DATABASE:
********************************************************************************
BUILD MODE:   MYSQLDUMP
MYSQLTIMEOUT: 5000
MYSQLDUMP:    Is Supported 
FILTERED: [] 
RESPONSE: Ran from C:/xampp/mysql/bin/mysqldump.exe 
TABLES: total:37 | filtered:0 | create:37 
SQL CREATED: 20171206_aml_3e88594dcc93f1b18746180110081636_database.sql 
SQL FILE SIZE: 694.23KB (710896) 
SQL FILE TIME: 2018-01-10 08:22:54 
SQL RUNTIME: 2.14 sec. 

******************************************************************************** 
ARCHIVE (ZIP): 
******************************************************************************** 
ARCHIVE DIR:  C:/xampp/htdocs/aml 
ARCHIVE FILE: 20171206_aml_3e88594dcc93f1b18746180110081636_archive.zip 
FILTERS: *OFF* 
DIRS:
	not set 
FILES:
	C:/xampp/htdocs/aml/stuff 
EXTS:  not set 
---------------------------------------- 
COMPRESSING 
SIZE:	67.42MB 
STATS:	Dirs 355 | Files 4,782 
SQL ADDED: 20171206_aml_3e88594dcc93f1b18746180110081636_database.sql 
ZipArchive Object
(
    [status] => 0
    [statusSys] => 0
    [numFiles] => 5137
    [filename] => C:\xampp\htdocs\aml\wp-snapshots\tmp\20171206_aml_3e88594dcc93f1b18746180110081636_archive.zip
    [comment] => 
)
 
COMPRESSION RESULT: '1' 
COMPRESSED SIZE: 29.77MB 
ARCHIVE RUNTIME: 112.71 sec. 
MEMORY STACK: 12MB 

******************************************************************************** 
MAKE INSTALLER: 
******************************************************************************** 
Build Start 
Build Finished 
Preping for use 
PACK SIZE:  
Template parsed with new data 
Complete [C:/xampp/htdocs/aml/wp-snapshots/tmp/20171206_aml_3e88594dcc93f1b18746180110081636_installer.php] 
Added to archive 

******************************************************************************** 
INTEGRITY CHECKS: 
******************************************************************************** 
SQL File: 694.23KB 
Installer File: 443.28KB 
Archive File: 29.77MB  

********************************************************************************
RECORD ID:[5]
TOTAL PROCESS RUNTIME: 122.47 sec.
PEAK PHP MEMORY USED: 14MB
DONE PROCESSING => 20171206_aml January 10, 2018 8:24 am
 
